<?xml version="1.0" encoding="UTF-8"?>
<!-- Generated by org.testng.reporters.JUnitReportReporter -->
<testsuite skipped="0" hostname="DELL-PC" name="testCases.createAsset" tests="1" failures="0" timestamp="2020-02-02T18:16:48 IST" time="36.343" errors="0">
  <testcase name="createAssetTC" time="36.343" classname="testCases.createAsset"/>
</testsuite> <!-- testCases.createAsset -->
